Arguments: 
  C:\Program Files (x86)\nodejs\node.exe C:\Users\Kittu\AppData\Roaming\npm\node_modules\yarn\bin\yarn.js add expo

PATH: 
  C:\Program Files\Common Files\Oracle\Java\javapath;C:\Windows\system32;C:\Windows;C:\Windows\System32\Wbem;C:\Windows\System32\WindowsPowerShell\v1.0\;C:\Windows\System32\OpenSSH\;C:\Program Files\MATLAB\R2016a\runtime\win64;C:\Program Files\MATLAB\R2016a\bin;C:\Program Files\MATLAB\R2016a\polyspace\bin;C:\ProgramData\chocolatey\bin;C:\Users\Kittu\AppData\Local\Yarn\bin;C:\Program Files\Git\cmd;C:\Program Files\Microsoft SQL Server\120\Tools\Binn\;C:\Program Files\Microsoft SQL Server\Client SDK\ODBC\110\Tools\Binn\;C:\Program Files (x86)\Common Files\AspenTech Shared\;C:\Program Files\Common Files\AspenTech Shared\;C:\Program Files (x86)\nodejs\;C:\Users\Kittu\AppData\Local\Programs\Python\Python310\Scripts\;C:\Users\Kittu\AppData\Local\Programs\Python\Python310\;C:\Users\Kittu\AppData\Local\Microsoft\WindowsApps;C:\Users\Kittu\AppData\Local\Programs\Microsoft VS Code\bin;C:\Users\Kittu\AppData\Local\Android\Sdk\platform-tools;C:\Users\Kittu\AppData\Local\Programs\MiKTeX 2.9\miktex\bin\x64\;C:\Program Files\Common Files\AspenTech Shared\;AspenTech\Aspen Hydraulics;C:\Users\Kittu\AppData\Roaming\npm;C:\MinGW\bin;

Yarn version: 
  1.22.17

Node version: 
  16.18.0

Platform: 
  win32 ia32

Trace: 
  Error: connect ETIMEDOUT 49.44.79.236:443
      at TCPConnectWrap.afterConnect [as oncomplete] (node:net:1278:16)

npm manifest: 
  {
    "name": "feedback",
    "version": "1.0.7",
    "main": "node_modules/expo/AppEntry.js",
    "scripts": {
      "start": "expo start",
      "android": "expo start --android",
      "ios": "expo start --ios",
      "web": "expo start --web",
      "eject": "expo eject"
    },
    "dependencies": {
      "@expo-google-fonts/roboto": "^0.2.2",
      "@react-native-async-storage/async-storage": "~1.17.3",
      "@react-native-community/datetimepicker": "6.5.2",
      "@react-native-picker/picker": "2.4.8",
      "@react-navigation/bottom-tabs": "^6.3.2",
      "@react-navigation/drawer": "^6.4.3",
      "@react-navigation/material-top-tabs": "^6.2.2",
      "@react-navigation/native": "^6.0.11",
      "@react-navigation/native-stack": "^6.7.0",
      "@rneui/base": "github:react-native-elements/react-native-elements#base",
      "@rneui/themed": "github:react-native-elements/react-native-elements#themed",
      "axios": "^1.1.3",
      "expo": "^47.0.3",
      "expo-cli": "^6.0.8",
      "expo-constants": "~14.0.2",
      "expo-font": "~11.0.1",
      "expo-linear-gradient": "~12.0.1",
      "expo-status-bar": "~1.4.2",
      "expo-updates": "~0.15.4",
      "global": "^4.4.0",
      "moti": "^0.18.0",
      "react": "18.1.0",
      "react-devtools-core": "^4.24.6",
      "react-dom": "18.1.0",
      "react-native": "0.68.2",
      "react-native-element-dropdown": "^2.3.1",
      "react-native-gesture-handler": "~2.8.0",
      "react-native-material-menu": "^2.0.0",
      "react-native-pager-view": "6.0.1",
      "react-native-reanimated": "~2.12.0",
      "react-native-safe-area-context": "4.4.1",
      "react-native-screens": "~3.18.0",
      "react-native-tab-view": "^3.1.1",
      "react-native-web": "~0.18.9",
      "yarn": "^1.22.18"
    },
    "devDependencies": {
      "@babel/core": "^7.12.9"
    },
    "private": true
  }

yarn manifest: 
  No manifest

Lockfile: 
  No lockfile
